  main.cpp
  Please define _WIN32_WINNT or _WIN32_WINDOWS appropriately. For example:
  - add -D_WIN32_WINNT=0x0601 to the compiler command line; or
  - add _WIN32_WINNT=0x0601 to your project's Preprocessor Definitions.
  Assuming _WIN32_WINNT=0x0601 (i.e. Windows 7 target).
C:\Files\Axxon\client\main.cpp(41,27): warning C4018: <: несоответствие типов со знаком и без знака
C:\Files\Axxon\client\main.cpp(52,20): warning C4018: <: несоответствие типов со знаком и без знака
C:\Files\Axxon\client\main.cpp(140,27): warning C4018: <: несоответствие типов со знаком и без знака
C:\Files\Axxon\client\main.cpp(150,20): warning C4018: <: несоответствие типов со знаком и без знака
C:\Files\Axxon\client\main.cpp(207,13): warning C4101: Parent: неиспользованная локальная переменная
C:\Files\Axxon\client\main.cpp(206,13): warning C4101: Root: неиспользованная локальная переменная
C:\Files\Axxon\client\main.cpp(209,19): warning C4101: tvinsert: неиспользованная локальная переменная
C:\Files\Axxon\client\main.cpp(208,13): warning C4101: Before: неиспользованная локальная переменная
C:\Program Files\Microsoft Visual Studio\2022\Community\VC\Tools\MSVC\14.37.32822\include\xstring(2728,53): warning C4244: аргумент: преобразование "wchar_t" в "const _Elem", возможна потеря данных
          with
          [
              _Elem=char
          ]
C:\Program Files\Microsoft Visual Studio\2022\Community\VC\Tools\MSVC\14.37.32822\include\xstring(2584,17): message : выполняется компиляция ссылки на экземпляр шаблон функции "void std::basic_string<char,std::char_traits<char>,std::allocator<char>>::_Construct_from_iter<wchar_t*,wchar_t*,_Size_type>(_Iter,const _Sent,_Size)"
          with
          [
              _Size_type=unsigned int,
              _Iter=wchar_t *,
              _Sent=wchar_t *,
              _Size=unsigned int
          ]
C:\Files\Axxon\client\main.cpp(114,20): message : выполняется компиляция ссылки на экземпляр шаблон функции "std::basic_string<char,std::char_traits<char>,std::allocator<char>>::basic_string<std::_String_iterator<std::_String_val<std::_Simple_types<_Elem>>>,0>(_Iter,_Iter,const _Alloc &)"
          with
          [
              _Elem=wchar_t,
              _Iter=std::_String_iterator<std::_String_val<std::_Simple_types<wchar_t>>>,
              _Alloc=std::allocator<char>
          ]
C:\Files\Axxon\client\main.cpp(114,20): message : см. первую ссылку на "std::basic_string<char,std::char_traits<char>,std::allocator<char>>::basic_string" в "toStr"
  Client.vcxproj -> C:\Files\Axxon\client\Debug\Client.exe
